[2025-06-09 02:28:40][CONSULTA] Iniciando proceso de guardar consulta 
[POST] => Array
(
    [txtdocumento] => 3333234
    [txtficha] => 345435
    [txtnombre] => mary paz
    [idPersona] => 7
    [motivoscomunes] => 1
    [formatoConsulta] => 5
    [txtmotivo] => Dolor de diente
    [visionod] => 34
    [visionoi] => 54
    [tensionod] => 345
    [tensionoi] => 5345
    [consulta-textarea] => <h2 style="margin-right: 0px; margin-bottom: 10px; margin-left: 0px; padding: 0px; font-family: DauphinPlain; font-size: 24px; line-height: 24px; color: rgb(0, 0, 0);">What is Lorem Ipsum?</h2><p style="margin-right: 0px; margin-bottom: 15px; margin-left: 0px; padding: 0px; text-align: justify; color: rgb(0, 0, 0); font-family: &quot;Open Sans&quot;, Arial, sans-serif;"><strong style="margin: 0px; padding: 0px;">Lorem Ipsum</strong>&nbsp;is simply dummy text of the printing and typesetting industry. Lorem Ipsum has been the industry's standard dummy text ever since the 1500s, when an unknown printer took a galley of type and scrambled it to make a type specimen book. It has survived not only five centuries, but also the leap into electronic typesetting, remaining essentially unchanged. It was popularised in the 1960s with the release of Letraset sheets containing Lorem Ipsum passages, and more recently with desktop publishing software like Aldus PageMaker including versions of Lorem Ipsum.</p>
    [formatoreceta] => 6
    [receta-textarea] => <h2 style="margin-right: 0px; margin-bottom: 10px; margin-left: 0px; padding: 0px; font-family: DauphinPlain; font-size: 24px; line-height: 24px; color: rgb(0, 0, 0);">receta</h2><p style="margin-right: 0px; margin-bottom: 15px; margin-left: 0px; padding: 0px; text-align: justify; color: rgb(0, 0, 0); font-family: &quot;Open Sans&quot;, Arial, sans-serif;">There are many variations of passages of Lorem Ipsum available, but the majority have suffered alteration in some form, by injected humour, or randomised words which don't look even slightly believable. If you are going to use a passage of Lorem Ipsum, you need to be sure there isn't anything embarrassing hidden in the middle of text. All the Lorem Ipsum generators on the Internet tend to repeat predefined chunks as necessary, making this the first true generator on the Internet. It uses a dictionary of over 200 Latin words, combined with a handful of model sentence structures, to generate Lorem Ipsum which looks reasonable. The generated Lorem Ipsum is therefore always free from repetition, injected humour, or non-characteristic words etc.</p>
    [txtnota] => serewtrew
    [proximaconsulta] => 2025-06-24
    [whatsapptxt] => 
    [email] => 
    [id_user] => 7
    [id_reserva] => 0
    [medico_id] => 1
)

[FILES] => Array
(
    [files] => Array
        (
            [name] => 
            [full_path] => 
            [type] => 
            [tmp_name] => 
            [error] => 4
            [size] => 0
        )

)

[2025-06-09 02:44:16][CONSULTA] Iniciando proceso de guardar consulta 
[POST] => Array
(
    [txtdocumento] => 3333234
    [txtficha] => 345435
    [txtnombre] => mary paz
    [idPersona] => 7
    [motivoscomunes] => 1
    [formatoConsulta] => 5
    [txtmotivo] => Dolor de diente234
    [visionod] => 23
    [visionoi] => 234
    [tensionod] => 23
    [tensionoi] => 3424
    [consulta-textarea] => <h2 style="margin-right: 0px; margin-bottom: 10px; margin-left: 0px; padding: 0px; font-family: DauphinPlain; font-size: 24px; line-height: 24px; color: rgb(0, 0, 0);">What is Lorem Ipsum?</h2><p style="margin-right: 0px; margin-bottom: 15px; margin-left: 0px; padding: 0px; text-align: justify; color: rgb(0, 0, 0); font-family: &quot;Open Sans&quot;, Arial, sans-serif;"><strong style="margin: 0px; padding: 0px;">Lorem Ipsum</strong>&nbsp;is simply dummy text of the printing and typesetting industry. Lorem Ipsum has been the industry's standard dummy text ever since the 1500s, when an unknown printer took a galley of type and scrambled it to make a type specimen book. It has survived not only five centuries, but also the leap into electronic typesetting, remaining essentially unchanged. It was popularised in the 1960s with the release of Letraset sheets containing Lorem Ipsum passages, and more recently with desktop publishing software like Aldus PageMaker including versions of Lorem Ipsum.</p>
    [formatoreceta] => 6
    [receta-textarea] => <h2 style="margin-right: 0px; margin-bottom: 10px; margin-left: 0px; padding: 0px; font-family: DauphinPlain; font-size: 24px; line-height: 24px; color: rgb(0, 0, 0);">receta</h2><p style="margin-right: 0px; margin-bottom: 15px; margin-left: 0px; padding: 0px; text-align: justify; color: rgb(0, 0, 0); font-family: &quot;Open Sans&quot;, Arial, sans-serif;">There are many variations of passages of Lorem Ipsum available, but the majority have suffered alteration in some form, by injected humour, or randomised words which don't look even slightly believable. If you are going to use a passage of Lorem Ipsum, you need to be sure there isn't anything embarrassing hidden in the middle of text. All the Lorem Ipsum generators on the Internet tend to repeat predefined chunks as necessary, making this the first true generator on the Internet. It uses a dictionary of over 200 Latin words, combined with a handful of model sentence structures, to generate Lorem Ipsum which looks reasonable. The generated Lorem Ipsum is therefore always free from repetition, injected humour, or non-characteristic words etc.</p>
    [txtnota] => 3245r32532
    [proximaconsulta] => 
    [whatsapptxt] => 
    [email] => 
    [id_user] => 7
    [id_reserva] => 0
    [medico_id] => 1
)

[FILES] => Array
(
    [files] => Array
        (
            [name] => 
            [full_path] => 
            [type] => 
            [tmp_name] => 
            [error] => 4
            [size] => 0
        )

)

[2025-06-09 11:28:29][CONSULTA] Iniciando proceso de guardar consulta 
[POST] => Array
(
    [txtdocumento] => 753159
    [txtficha] => 79846
    [txtnombre] => ronaldo jesus
    [idPersona] => 12
    [motivoscomunes] => 1
    [formatoConsulta] => 9
    [txtmotivo] => Dolor de diente
    [visionod] => 0.23
    [visionoi] => 0.25
    [tensionod] => 0.25
    [tensionoi] => 0.58
    [consulta-textarea] => <p><font color="#000000" style="background-color: rgb(255, 255, 0);"><span style="font-size: 24px;"><b>pruebaaaaaaaaaaaaaaaaaa</b></span></font></p>
    [formatoreceta] => Seleccionar
    [receta-textarea] => <p><br></p><p><strong>IBUDOLANET</strong> (GRAMON PARAGUAY)</p><p>Indicaciones: tomar cada 5 minutos</p>
    [txtnota] => pruebaa
    [proximaconsulta] => 2025-06-30
    [whatsapptxt] => 
    [email] => 
    [id_user] => 9
    [id_reserva] => 0
    [medico_id] => 1
)

[FILES] => Array
(
    [files] => Array
        (
            [name] => 
            [full_path] => 
            [type] => 
            [tmp_name] => 
            [error] => 4
            [size] => 0
        )

)

